<?xml version="1.0" encoding="UTF-8"?>
<!-- Generated by org.testng.reporters.JUnitXMLReporter -->
<testsuite ignored="0" hostname="BOOK-8LL97F4QKR" failures="1" tests="2" name="Test(failed)(failed)" time="17.835" errors="0" timestamp="2025-01-16T12:54:12 IST">
  <testcase classname="testCases.TC002_LoginPage" name="VerifyLogin" time="10.322">
    <failure type="java.lang.AssertionError" message="null">
      <![CDATA[java.lang.AssertionError: null
at testCases.TC002_LoginPage.VerifyLogin(TC002_LoginPage.java:33)
at java.base/java.util.ArrayList.forEach(ArrayList.java:1597)
... Removed 27 stack frames]]>
    </failure>
  </testcase> <!-- VerifyLogin -->
  <testcase classname="testCases.TC001_AccountRegistrationPage" name="AccountRegPag" time="2.545"/>
</testsuite> <!-- Test(failed)(failed) -->
