<?xml version="1.0" encoding="UTF-8"?>
<!-- Generated by org.testng.reporters.JUnitXMLReporter -->
<testsuite ignored="0" hostname="BOOK-8LL97F4QKR" failures="1" tests="2" name="Test1" time="19.067" errors="0" timestamp="2025-01-16T12:48:26 IST">
  <testcase classname="testCases.TC001_AccountRegistrationPage" name="AccountRegPag" time="1.924"/>
  <testcase classname="testCases.TC002_LoginPage" name="VerifyLogin" time="11.167">
    <failure type="java.lang.AssertionError" message="expected [true] but found [false]">
      <![CDATA[java.lang.AssertionError: expected [true] but found [false]
at testCases.TC002_LoginPage.VerifyLogin(TC002_LoginPage.java:31)
at java.base/java.util.ArrayList.forEach(ArrayList.java:1597)
... Removed 29 stack frames]]>
    </failure>
  </testcase> <!-- VerifyLogin -->
</testsuite> <!-- Test1 -->
