<?xml version="1.0" encoding="UTF-8"?>
<!-- Generated by org.testng.reporters.JUnitXMLReporter -->
<testsuite ignored="0" hostname="BOOK-8LL97F4QKR" failures="1" tests="6" name="Test3" time="40.31" errors="0" timestamp="2025-01-05T20:11:18 IST">
  <testcase classname="testCases.TC003_LoginDDT" name="LoginDDT" time="11.135"/>
  <testcase classname="testCases.TC003_LoginDDT" name="LoginDDT" time="1.386">
    <failure type="java.lang.AssertionError" message="expected [true] but found [false]">
      <![CDATA[java.lang.AssertionError: expected [true] but found [false]
at testCases.TC003_LoginDDT.LoginDDT(TC003_LoginDDT.java:47)
at java.base/java.util.ArrayList.forEach(ArrayList.java:1597)
... Removed 29 stack frames]]>
    </failure>
  </testcase> <!-- LoginDDT -->
  <testcase classname="testCases.TC003_LoginDDT" name="LoginDDT" time="1.253"/>
  <testcase classname="testCases.TC003_LoginDDT" name="LoginDDT" time="11.014"/>
  <testcase classname="testCases.TC003_LoginDDT" name="LoginDDT" time="1.385"/>
  <testcase classname="testCases.TC003_LoginDDT" name="LoginDDT" time="11.042"/>
</testsuite> <!-- Test3 -->
