<?xml version="1.0" encoding="UTF-8"?>
<!-- Generated by org.testng.reporters.JUnitXMLReporter -->
<testsuite ignored="0" hostname="BOOK-8LL97F4QKR" failures="2" tests="2" name="Test(failed)" time="18.066" errors="0" timestamp="2025-01-16T12:53:16 IST">
  <testcase classname="testCases.TC001_AccountRegistrationPage" name="AccountRegPag" time="2.02">
    <failure type="java.lang.AssertionError" message="expected [true] but found [false]">
      <![CDATA[java.lang.AssertionError: expected [true] but found [false]
at testCases.TC001_AccountRegistrationPage.AccountRegPag(TC001_AccountRegistrationPage.java:40)
at java.base/java.util.ArrayList.forEach(ArrayList.java:1597)
... Removed 29 stack frames]]>
    </failure>
  </testcase> <!-- AccountRegPag -->
  <testcase classname="testCases.TC002_LoginPage" name="VerifyLogin" time="10.951">
    <failure type="java.lang.AssertionError" message="expected [true] but found [false]">
      <![CDATA[java.lang.AssertionError: expected [true] but found [false]
at testCases.TC002_LoginPage.VerifyLogin(TC002_LoginPage.java:31)
at java.base/java.util.ArrayList.forEach(ArrayList.java:1597)
... Removed 29 stack frames]]>
    </failure>
  </testcase> <!-- VerifyLogin -->
</testsuite> <!-- Test(failed) -->
